<?xml version="1.0" encoding="UTF-8"?>
<!-- Generated by org.testng.reporters.JUnitReportReporter -->
<testsuite hostname="NDI-LAP-035" failures="0" tests="2" name="Tests.TestCase_001" time="3.351" errors="0" timestamp="24 May 2021 09:49:50 GMT" skipped="0">
  <testcase classname="Tests.TestCase_001" name="employeeDetail" time="1.726"/>
  <testcase classname="Tests.TestCase_001" name="deleteEmployeeDetails" time="1.625"/>
</testsuite> <!-- Tests.TestCase_001 -->
